--- Log for submodule: rust-base64 ---
Running 'cargo update' in "/data/data/com.termux.nix/files/home/pick-up-nix2/vendor/rust/cargo2nix/submodules/rust-base64"...
     Locking 0 packages to latest compatible versions
'cargo update' succeeded.
Running 'cargo vendor' in "/data/data/com.termux.nix/files/home/pick-up-nix2/vendor/rust/cargo2nix/submodules/rust-base64"...
   Vendoring aho-corasick v1.1.3 (/data/data/com.termux.nix/files/home/.cargo/registry/src/index.crates.io-1949cf8c6b5b557f/aho-corasick-1.1.3) to /data/data/com.termux.nix/files/home/pick-up-nix2/vendor/rust/cargo2nix/submodules/rust-base64/vendor/aho-corasick
   Vendoring anes v0.1.6 (/data/data/com.termux.nix/files/home/.cargo/registry/src/index.crates.io-1949cf8c6b5b557f/anes-0.1.6) to /data/data/com.termux.nix/files/home/pick-up-nix2/vendor/rust/cargo2nix/submodules/rust-base64/vendor/anes
   Vendoring async-attributes v1.1.2 (/data/data/com.termux.nix/files/home/.cargo/registry/src/index.crates.io-1949cf8c6b5b557f/async-attributes-1.1.2) to /data/data/com.termux.nix/files/home/pick-up-nix2/vendor/rust/cargo2nix/submodules/rust-base64/vendor/async-attributes
   Vendoring async-channel v2.3.1 (/data/data/com.termux.nix/files/home/.cargo/registry/src/index.crates.io-1949cf8c6b5b557f/async-channel-2.3.1) to /data/data/com.termux.nix/files/home/pick-up-nix2/vendor/rust/cargo2nix/submodules/rust-base64/vendor/async-channel
   Vendoring async-executor v1.13.1 (/data/data/com.termux.nix/files/home/.cargo/registry/src/index.crates.io-1949cf8c6b5b557f/async-executor-1.13.1) to /data/data/com.termux.nix/files/home/pick-up-nix2/vendor/rust/cargo2nix/submodules/rust-base64/vendor/async-executor
   Vendoring async-global-executor v2.4.1 (/data/data/com.termux.nix/files/home/.cargo/registry/src/index.crates.io-1949cf8c6b5b557f/async-global-executor-2.4.1) to /data/data/com.termux.nix/files/home/pick-up-nix2/vendor/rust/cargo2nix/submodules/rust-base64/vendor/async-global-executor
   Vendoring async-io v2.4.0 (/data/data/com.termux.nix/files/home/.cargo/registry/src/index.crates.io-1949cf8c6b5b557f/async-io-2.4.0) to /data/data/com.termux.nix/files/home/pick-up-nix2/vendor/rust/cargo2nix/submodules/rust-base64/vendor/async-io
   Vendoring async-lock v3.4.0 (/data/data/com.termux.nix/files/home/.cargo/registry/src/index.crates.io-1949cf8c6b5b557f/async-lock-3.4.0) to /data/data/com.termux.nix/files/home/pick-up-nix2/vendor/rust/cargo2nix/submodules/rust-base64/vendor/async-lock
   Vendoring async-std v1.13.1 (/data/data/com.termux.nix/files/home/.cargo/registry/src/index.crates.io-1949cf8c6b5b557f/async-std-1.13.1) to /data/data/com.termux.nix/files/home/pick-up-nix2/vendor/rust/cargo2nix/submodules/rust-base64/vendor/async-std
   Vendoring async-task v4.7.1 (/data/data/com.termux.nix/files/home/.cargo/registry/src/index.crates.io-1949cf8c6b5b557f/async-task-4.7.1) to /data/data/com.termux.nix/files/home/pick-up-nix2/vendor/rust/cargo2nix/submodules/rust-base64/vendor/async-task
   Vendoring atomic-waker v1.1.2 (/data/data/com.termux.nix/files/home/.cargo/registry/src/index.crates.io-1949cf8c6b5b557f/atomic-waker-1.1.2) to /data/data/com.termux.nix/files/home/pick-up-nix2/vendor/rust/cargo2nix/submodules/rust-base64/vendor/atomic-waker
   Vendoring atty v0.2.14 (/data/data/com.termux.nix/files/home/.cargo/registry/src/index.crates.io-1949cf8c6b5b557f/atty-0.2.14) to /data/data/com.termux.nix/files/home/pick-up-nix2/vendor/rust/cargo2nix/submodules/rust-base64/vendor/atty
   Vendoring autocfg v1.4.0 (/data/data/com.termux.nix/files/home/.cargo/registry/src/index.crates.io-1949cf8c6b5b557f/autocfg-1.4.0) to /data/data/com.termux.nix/files/home/pick-up-nix2/vendor/rust/cargo2nix/submodules/rust-base64/vendor/autocfg
   Vendoring bitflags v2.9.0 (/data/data/com.termux.nix/files/home/.cargo/registry/src/index.crates.io-1949cf8c6b5b557f/bitflags-2.9.0) to /data/data/com.termux.nix/files/home/pick-up-nix2/vendor/rust/cargo2nix/submodules/rust-base64/vendor/bitflags
   Vendoring blocking v1.6.1 (/data/data/com.termux.nix/files/home/.cargo/registry/src/index.crates.io-1949cf8c6b5b557f/blocking-1.6.1) to /data/data/com.termux.nix/files/home/pick-up-nix2/vendor/rust/cargo2nix/submodules/rust-base64/vendor/blocking
   Vendoring bumpalo v3.17.0 (/data/data/com.termux.nix/files/home/.cargo/registry/src/index.crates.io-1949cf8c6b5b557f/bumpalo-3.17.0) to /data/data/com.termux.nix/files/home/pick-up-nix2/vendor/rust/cargo2nix/submodules/rust-base64/vendor/bumpalo
   Vendoring cast v0.3.0 (/data/data/com.termux.nix/files/home/.cargo/registry/src/index.crates.io-1949cf8c6b5b557f/cast-0.3.0) to /data/data/com.termux.nix/files/home/pick-up-nix2/vendor/rust/cargo2nix/submodules/rust-base64/vendor/cast
   Vendoring cfg-if v1.0.0 (/data/data/com.termux.nix/files/home/.cargo/registry/src/index.crates.io-1949cf8c6b5b557f/cfg-if-1.0.0) to /data/data/com.termux.nix/files/home/pick-up-nix2/vendor/rust/cargo2nix/submodules/rust-base64/vendor/cfg-if
   Vendoring ciborium v0.2.2 (/data/data/com.termux.nix/files/home/.cargo/registry/src/index.crates.io-1949cf8c6b5b557f/ciborium-0.2.2) to /data/data/com.termux.nix/files/home/pick-up-nix2/vendor/rust/cargo2nix/submodules/rust-base64/vendor/ciborium
   Vendoring ciborium-io v0.2.2 (/data/data/com.termux.nix/files/home/.cargo/registry/src/index.crates.io-1949cf8c6b5b557f/ciborium-io-0.2.2) to /data/data/com.termux.nix/files/home/pick-up-nix2/vendor/rust/cargo2nix/submodules/rust-base64/vendor/ciborium-io
   Vendoring ciborium-ll v0.2.2 (/data/data/com.termux.nix/files/home/.cargo/registry/src/index.crates.io-1949cf8c6b5b557f/ciborium-ll-0.2.2) to /data/data/com.termux.nix/files/home/pick-up-nix2/vendor/rust/cargo2nix/submodules/rust-base64/vendor/ciborium-ll
   Vendoring clap v3.2.25 (/data/data/com.termux.nix/files/home/.cargo/registry/src/index.crates.io-1949cf8c6b5b557f/clap-3.2.25) to /data/data/com.termux.nix/files/home/pick-up-nix2/vendor/rust/cargo2nix/submodules/rust-base64/vendor/clap
   Vendoring clap_derive v3.2.25 (/data/data/com.termux.nix/files/home/.cargo/registry/src/index.crates.io-1949cf8c6b5b557f/clap_derive-3.2.25) to /data/data/com.termux.nix/files/home/pick-up-nix2/vendor/rust/cargo2nix/submodules/rust-base64/vendor/clap_derive
   Vendoring clap_lex v0.2.4 (/data/data/com.termux.nix/files/home/.cargo/registry/src/index.crates.io-1949cf8c6b5b557f/clap_lex-0.2.4) to /data/data/com.termux.nix/files/home/pick-up-nix2/vendor/rust/cargo2nix/submodules/rust-base64/vendor/clap_lex
   Vendoring concurrent-queue v2.5.0 (/data/data/com.termux.nix/files/home/.cargo/registry/src/index.crates.io-1949cf8c6b5b557f/concurrent-queue-2.5.0) to /data/data/com.termux.nix/files/home/pick-up-nix2/vendor/rust/cargo2nix/submodules/rust-base64/vendor/concurrent-queue
   Vendoring criterion v0.4.0 (/data/data/com.termux.nix/files/home/.cargo/registry/src/index.crates.io-1949cf8c6b5b557f/criterion-0.4.0) to /data/data/com.termux.nix/files/home/pick-up-nix2/vendor/rust/cargo2nix/submodules/rust-base64/vendor/criterion
   Vendoring criterion-plot v0.5.0 (/data/data/com.termux.nix/files/home/.cargo/registry/src/index.crates.io-1949cf8c6b5b557f/criterion-plot-0.5.0) to /data/data/com.termux.nix/files/home/pick-up-nix2/vendor/rust/cargo2nix/submodules/rust-base64/vendor/criterion-plot
   Vendoring crossbeam-deque v0.8.6 (/data/data/com.termux.nix/files/home/.cargo/registry/src/index.crates.io-1949cf8c6b5b557f/crossbeam-deque-0.8.6) to /data/data/com.termux.nix/files/home/pick-up-nix2/vendor/rust/cargo2nix/submodules/rust-base64/vendor/crossbeam-deque
   Vendoring crossbeam-epoch v0.9.18 (/data/data/com.termux.nix/files/home/.cargo/registry/src/index.crates.io-1949cf8c6b5b557f/crossbeam-epoch-0.9.18) to /data/data/com.termux.nix/files/home/pick-up-nix2/vendor/rust/cargo2nix/submodules/rust-base64/vendor/crossbeam-epoch
   Vendoring crossbeam-utils v0.8.21 (/data/data/com.termux.nix/files/home/.cargo/registry/src/index.crates.io-1949cf8c6b5b557f/crossbeam-utils-0.8.21) to /data/data/com.termux.nix/files/home/pick-up-nix2/vendor/rust/cargo2nix/submodules/rust-base64/vendor/crossbeam-utils
   Vendoring crunchy v0.2.3 (/data/data/com.termux.nix/files/home/.cargo/registry/src/index.crates.io-1949cf8c6b5b557f/crunchy-0.2.3) to /data/data/com.termux.nix/files/home/pick-up-nix2/vendor/rust/cargo2nix/submodules/rust-base64/vendor/crunchy
   Vendoring either v1.15.0 (/data/data/com.termux.nix/files/home/.cargo/registry/src/index.crates.io-1949cf8c6b5b557f/either-1.15.0) to /data/data/com.termux.nix/files/home/pick-up-nix2/vendor/rust/cargo2nix/submodules/rust-base64/vendor/either
   Vendoring errno v0.3.10 (/data/data/com.termux.nix/files/home/.cargo/registry/src/index.crates.io-1949cf8c6b5b557f/errno-0.3.10) to /data/data/com.termux.nix/files/home/pick-up-nix2/vendor/rust/cargo2nix/submodules/rust-base64/vendor/errno
   Vendoring event-listener v5.4.0 (/data/data/com.termux.nix/files/home/.cargo/registry/src/index.crates.io-1949cf8c6b5b557f/event-listener-5.4.0) to /data/data/com.termux.nix/files/home/pick-up-nix2/vendor/rust/cargo2nix/submodules/rust-base64/vendor/event-listener
   Vendoring event-listener-strategy v0.5.4 (/data/data/com.termux.nix/files/home/.cargo/registry/src/index.crates.io-1949cf8c6b5b557f/event-listener-strategy-0.5.4) to /data/data/com.termux.nix/files/home/pick-up-nix2/vendor/rust/cargo2nix/submodules/rust-base64/vendor/event-listener-strategy
   Vendoring fastrand v2.3.0 (/data/data/com.termux.nix/files/home/.cargo/registry/src/index.crates.io-1949cf8c6b5b557f/fastrand-2.3.0) to /data/data/com.termux.nix/files/home/pick-up-nix2/vendor/rust/cargo2nix/submodules/rust-base64/vendor/fastrand
   Vendoring futures v0.3.31 (/data/data/com.termux.nix/files/home/.cargo/registry/src/index.crates.io-1949cf8c6b5b557f/futures-0.3.31) to /data/data/com.termux.nix/files/home/pick-up-nix2/vendor/rust/cargo2nix/submodules/rust-base64/vendor/futures
   Vendoring futures-channel v0.3.31 (/data/data/com.termux.nix/files/home/.cargo/registry/src/index.crates.io-1949cf8c6b5b557f/futures-channel-0.3.31) to /data/data/com.termux.nix/files/home/pick-up-nix2/vendor/rust/cargo2nix/submodules/rust-base64/vendor/futures-channel
   Vendoring futures-core v0.3.31 (/data/data/com.termux.nix/files/home/.cargo/registry/src/index.crates.io-1949cf8c6b5b557f/futures-core-0.3.31) to /data/data/com.termux.nix/files/home/pick-up-nix2/vendor/rust/cargo2nix/submodules/rust-base64/vendor/futures-core
   Vendoring futures-executor v0.3.31 (/data/data/com.termux.nix/files/home/.cargo/registry/src/index.crates.io-1949cf8c6b5b557f/futures-executor-0.3.31) to /data/data/com.termux.nix/files/home/pick-up-nix2/vendor/rust/cargo2nix/submodules/rust-base64/vendor/futures-executor
   Vendoring futures-io v0.3.31 (/data/data/com.termux.nix/files/home/.cargo/registry/src/index.crates.io-1949cf8c6b5b557f/futures-io-0.3.31) to /data/data/com.termux.nix/files/home/pick-up-nix2/vendor/rust/cargo2nix/submodules/rust-base64/vendor/futures-io
   Vendoring futures-lite v2.6.0 (/data/data/com.termux.nix/files/home/.cargo/registry/src/index.crates.io-1949cf8c6b5b557f/futures-lite-2.6.0) to /data/data/com.termux.nix/files/home/pick-up-nix2/vendor/rust/cargo2nix/submodules/rust-base64/vendor/futures-lite
   Vendoring futures-macro v0.3.31 (/data/data/com.termux.nix/files/home/.cargo/registry/src/index.crates.io-1949cf8c6b5b557f/futures-macro-0.3.31) to /data/data/com.termux.nix/files/home/pick-up-nix2/vendor/rust/cargo2nix/submodules/rust-base64/vendor/futures-macro
   Vendoring futures-sink v0.3.31 (/data/data/com.termux.nix/files/home/.cargo/registry/src/index.crates.io-1949cf8c6b5b557f/futures-sink-0.3.31) to /data/data/com.termux.nix/files/home/pick-up-nix2/vendor/rust/cargo2nix/submodules/rust-base64/vendor/futures-sink
   Vendoring futures-task v0.3.31 (/data/data/com.termux.nix/files/home/.cargo/registry/src/index.crates.io-1949cf8c6b5b557f/futures-task-0.3.31) to /data/data/com.termux.nix/files/home/pick-up-nix2/vendor/rust/cargo2nix/submodules/rust-base64/vendor/futures-task
   Vendoring futures-timer v3.0.3 (/data/data/com.termux.nix/files/home/.cargo/registry/src/index.crates.io-1949cf8c6b5b557f/futures-timer-3.0.3) to /data/data/com.termux.nix/files/home/pick-up-nix2/vendor/rust/cargo2nix/submodules/rust-base64/vendor/futures-timer
   Vendoring futures-util v0.3.31 (/data/data/com.termux.nix/files/home/.cargo/registry/src/index.crates.io-1949cf8c6b5b557f/futures-util-0.3.31) to /data/data/com.termux.nix/files/home/pick-up-nix2/vendor/rust/cargo2nix/submodules/rust-base64/vendor/futures-util
   Vendoring getrandom v0.2.15 (/data/data/com.termux.nix/files/home/.cargo/registry/src/index.crates.io-1949cf8c6b5b557f/getrandom-0.2.15) to /data/data/com.termux.nix/files/home/pick-up-nix2/vendor/rust/cargo2nix/submodules/rust-base64/vendor/getrandom
   Vendoring gloo-timers v0.3.0 (/data/data/com.termux.nix/files/home/.cargo/registry/src/index.crates.io-1949cf8c6b5b557f/gloo-timers-0.3.0) to /data/data/com.termux.nix/files/home/pick-up-nix2/vendor/rust/cargo2nix/submodules/rust-base64/vendor/gloo-timers
   Vendoring half v2.5.0 (/data/data/com.termux.nix/files/home/.cargo/registry/src/index.crates.io-1949cf8c6b5b557f/half-2.5.0) to /data/data/com.termux.nix/files/home/pick-up-nix2/vendor/rust/cargo2nix/submodules/rust-base64/vendor/half
   Vendoring hashbrown v0.12.3 (/data/data/com.termux.nix/files/home/.cargo/registry/src/index.crates.io-1949cf8c6b5b557f/hashbrown-0.12.3) to /data/data/com.termux.nix/files/home/pick-up-nix2/vendor/rust/cargo2nix/submodules/rust-base64/vendor/hashbrown
   Vendoring heck v0.4.1 (/data/data/com.termux.nix/files/home/.cargo/registry/src/index.crates.io-1949cf8c6b5b557f/heck-0.4.1) to /data/data/com.termux.nix/files/home/pick-up-nix2/vendor/rust/cargo2nix/submodules/rust-base64/vendor/heck
   Vendoring hermit-abi v0.4.0 (/data/data/com.termux.nix/files/home/.cargo/registry/src/index.crates.io-1949cf8c6b5b557f/hermit-abi-0.4.0) to /data/data/com.termux.nix/files/home/pick-up-nix2/vendor/rust/cargo2nix/submodules/rust-base64/vendor/hermit-abi
   Vendoring indexmap v1.9.3 (/data/data/com.termux.nix/files/home/.cargo/registry/src/index.crates.io-1949cf8c6b5b557f/indexmap-1.9.3) to /data/data/com.termux.nix/files/home/pick-up-nix2/vendor/rust/cargo2nix/submodules/rust-base64/vendor/indexmap
   Vendoring itertools v0.10.5 (/data/data/com.termux.nix/files/home/.cargo/registry/src/index.crates.io-1949cf8c6b5b557f/itertools-0.10.5) to /data/data/com.termux.nix/files/home/pick-up-nix2/vendor/rust/cargo2nix/submodules/rust-base64/vendor/itertools
   Vendoring itoa v1.0.15 (/data/data/com.termux.nix/files/home/.cargo/registry/src/index.crates.io-1949cf8c6b5b557f/itoa-1.0.15) to /data/data/com.termux.nix/files/home/pick-up-nix2/vendor/rust/cargo2nix/submodules/rust-base64/vendor/itoa
   Vendoring js-sys v0.3.77 (/data/data/com.termux.nix/files/home/.cargo/registry/src/index.crates.io-1949cf8c6b5b557f/js-sys-0.3.77) to /data/data/com.termux.nix/files/home/pick-up-nix2/vendor/rust/cargo2nix/submodules/rust-base64/vendor/js-sys
   Vendoring kv-log-macro v1.0.7 (/data/data/com.termux.nix/files/home/.cargo/registry/src/index.crates.io-1949cf8c6b5b557f/kv-log-macro-1.0.7) to /data/data/com.termux.nix/files/home/pick-up-nix2/vendor/rust/cargo2nix/submodules/rust-base64/vendor/kv-log-macro
   Vendoring lazy_static v1.5.0 (/data/data/com.termux.nix/files/home/.cargo/registry/src/index.crates.io-1949cf8c6b5b557f/lazy_static-1.5.0) to /data/data/com.termux.nix/files/home/pick-up-nix2/vendor/rust/cargo2nix/submodules/rust-base64/vendor/lazy_static
   Vendoring libc v0.2.171 (/data/data/com.termux.nix/files/home/.cargo/registry/src/index.crates.io-1949cf8c6b5b557f/libc-0.2.171) to /data/data/com.termux.nix/files/home/pick-up-nix2/vendor/rust/cargo2nix/submodules/rust-base64/vendor/libc
   Vendoring linux-raw-sys v0.4.15 (/data/data/com.termux.nix/files/home/.cargo/registry/src/index.crates.io-1949cf8c6b5b557f/linux-raw-sys-0.4.15) to /data/data/com.termux.nix/files/home/pick-up-nix2/vendor/rust/cargo2nix/submodules/rust-base64/vendor/linux-raw-sys
   Vendoring log v0.4.27 (/data/data/com.termux.nix/files/home/.cargo/registry/src/index.crates.io-1949cf8c6b5b557f/log-0.4.27) to /data/data/com.termux.nix/files/home/pick-up-nix2/vendor/rust/cargo2nix/submodules/rust-base64/vendor/log
   Vendoring memchr v2.7.4 (/data/data/com.termux.nix/files/home/.cargo/registry/src/index.crates.io-1949cf8c6b5b557f/memchr-2.7.4) to /data/data/com.termux.nix/files/home/pick-up-nix2/vendor/rust/cargo2nix/submodules/rust-base64/vendor/memchr
   Vendoring num-traits v0.2.19 (/data/data/com.termux.nix/files/home/.cargo/registry/src/index.crates.io-1949cf8c6b5b557f/num-traits-0.2.19) to /data/data/com.termux.nix/files/home/pick-up-nix2/vendor/rust/cargo2nix/submodules/rust-base64/vendor/num-traits
   Vendoring once_cell v1.21.3 (/data/data/com.termux.nix/files/home/.cargo/registry/src/index.crates.io-1949cf8c6b5b557f/once_cell-1.21.3) to /data/data/com.termux.nix/files/home/pick-up-nix2/vendor/rust/cargo2nix/submodules/rust-base64/vendor/once_cell
   Vendoring oorandom v11.1.5 (/data/data/com.termux.nix/files/home/.cargo/registry/src/index.crates.io-1949cf8c6b5b557f/oorandom-11.1.5) to /data/data/com.termux.nix/files/home/pick-up-nix2/vendor/rust/cargo2nix/submodules/rust-base64/vendor/oorandom
   Vendoring os_str_bytes v6.6.1 (/data/data/com.termux.nix/files/home/.cargo/registry/src/index.crates.io-1949cf8c6b5b557f/os_str_bytes-6.6.1) to /data/data/com.termux.nix/files/home/pick-up-nix2/vendor/rust/cargo2nix/submodules/rust-base64/vendor/os_str_bytes
   Vendoring parking v2.2.1 (/data/data/com.termux.nix/files/home/.cargo/registry/src/index.crates.io-1949cf8c6b5b557f/parking-2.2.1) to /data/data/com.termux.nix/files/home/pick-up-nix2/vendor/rust/cargo2nix/submodules/rust-base64/vendor/parking
   Vendoring pin-project-lite v0.2.16 (/data/data/com.termux.nix/files/home/.cargo/registry/src/index.crates.io-1949cf8c6b5b557f/pin-project-lite-0.2.16) to /data/data/com.termux.nix/files/home/pick-up-nix2/vendor/rust/cargo2nix/submodules/rust-base64/vendor/pin-project-lite
   Vendoring pin-utils v0.1.0 (/data/data/com.termux.nix/files/home/.cargo/registry/src/index.crates.io-1949cf8c6b5b557f/pin-utils-0.1.0) to /data/data/com.termux.nix/files/home/pick-up-nix2/vendor/rust/cargo2nix/submodules/rust-base64/vendor/pin-utils
   Vendoring piper v0.2.4 (/data/data/com.termux.nix/files/home/.cargo/registry/src/index.crates.io-1949cf8c6b5b557f/piper-0.2.4) to /data/data/com.termux.nix/files/home/pick-up-nix2/vendor/rust/cargo2nix/submodules/rust-base64/vendor/piper
   Vendoring plotters v0.3.7 (/data/data/com.termux.nix/files/home/.cargo/registry/src/index.crates.io-1949cf8c6b5b557f/plotters-0.3.7) to /data/data/com.termux.nix/files/home/pick-up-nix2/vendor/rust/cargo2nix/submodules/rust-base64/vendor/plotters
   Vendoring plotters-backend v0.3.7 (/data/data/com.termux.nix/files/home/.cargo/registry/src/index.crates.io-1949cf8c6b5b557f/plotters-backend-0.3.7) to /data/data/com.termux.nix/files/home/pick-up-nix2/vendor/rust/cargo2nix/submodules/rust-base64/vendor/plotters-backend
   Vendoring plotters-svg v0.3.7 (/data/data/com.termux.nix/files/home/.cargo/registry/src/index.crates.io-1949cf8c6b5b557f/plotters-svg-0.3.7) to /data/data/com.termux.nix/files/home/pick-up-nix2/vendor/rust/cargo2nix/submodules/rust-base64/vendor/plotters-svg
   Vendoring polling v3.7.4 (/data/data/com.termux.nix/files/home/.cargo/registry/src/index.crates.io-1949cf8c6b5b557f/polling-3.7.4) to /data/data/com.termux.nix/files/home/pick-up-nix2/vendor/rust/cargo2nix/submodules/rust-base64/vendor/polling
   Vendoring ppv-lite86 v0.2.21 (/data/data/com.termux.nix/files/home/.cargo/registry/src/index.crates.io-1949cf8c6b5b557f/ppv-lite86-0.2.21) to /data/data/com.termux.nix/files/home/pick-up-nix2/vendor/rust/cargo2nix/submodules/rust-base64/vendor/ppv-lite86
   Vendoring proc-macro-error v1.0.4 (/data/data/com.termux.nix/files/home/.cargo/registry/src/index.crates.io-1949cf8c6b5b557f/proc-macro-error-1.0.4) to /data/data/com.termux.nix/files/home/pick-up-nix2/vendor/rust/cargo2nix/submodules/rust-base64/vendor/proc-macro-error
   Vendoring proc-macro-error-attr v1.0.4 (/data/data/com.termux.nix/files/home/.cargo/registry/src/index.crates.io-1949cf8c6b5b557f/proc-macro-error-attr-1.0.4) to /data/data/com.termux.nix/files/home/pick-up-nix2/vendor/rust/cargo2nix/submodules/rust-base64/vendor/proc-macro-error-attr
   Vendoring proc-macro2 v1.0.94 (/data/data/com.termux.nix/files/home/.cargo/registry/src/index.crates.io-1949cf8c6b5b557f/proc-macro2-1.0.94) to /data/data/com.termux.nix/files/home/pick-up-nix2/vendor/rust/cargo2nix/submodules/rust-base64/vendor/proc-macro2
   Vendoring quote v1.0.40 (/data/data/com.termux.nix/files/home/.cargo/registry/src/index.crates.io-1949cf8c6b5b557f/quote-1.0.40) to /data/data/com.termux.nix/files/home/pick-up-nix2/vendor/rust/cargo2nix/submodules/rust-base64/vendor/quote
   Vendoring rand v0.8.5 (/data/data/com.termux.nix/files/home/.cargo/registry/src/index.crates.io-1949cf8c6b5b557f/rand-0.8.5) to /data/data/com.termux.nix/files/home/pick-up-nix2/vendor/rust/cargo2nix/submodules/rust-base64/vendor/rand
   Vendoring rand_chacha v0.3.1 (/data/data/com.termux.nix/files/home/.cargo/registry/src/index.crates.io-1949cf8c6b5b557f/rand_chacha-0.3.1) to /data/data/com.termux.nix/files/home/pick-up-nix2/vendor/rust/cargo2nix/submodules/rust-base64/vendor/rand_chacha
   Vendoring rand_core v0.6.4 (/data/data/com.termux.nix/files/home/.cargo/registry/src/index.crates.io-1949cf8c6b5b557f/rand_core-0.6.4) to /data/data/com.termux.nix/files/home/pick-up-nix2/vendor/rust/cargo2nix/submodules/rust-base64/vendor/rand_core
   Vendoring rayon v1.10.0 (/data/data/com.termux.nix/files/home/.cargo/registry/src/index.crates.io-1949cf8c6b5b557f/rayon-1.10.0) to /data/data/com.termux.nix/files/home/pick-up-nix2/vendor/rust/cargo2nix/submodules/rust-base64/vendor/rayon
   Vendoring rayon-core v1.12.1 (/data/data/com.termux.nix/files/home/.cargo/registry/src/index.crates.io-1949cf8c6b5b557f/rayon-core-1.12.1) to /data/data/com.termux.nix/files/home/pick-up-nix2/vendor/rust/cargo2nix/submodules/rust-base64/vendor/rayon-core
   Vendoring regex v1.11.1 (/data/data/com.termux.nix/files/home/.cargo/registry/src/index.crates.io-1949cf8c6b5b557f/regex-1.11.1) to /data/data/com.termux.nix/files/home/pick-up-nix2/vendor/rust/cargo2nix/submodules/rust-base64/vendor/regex
   Vendoring regex-automata v0.4.9 (/data/data/com.termux.nix/files/home/.cargo/registry/src/index.crates.io-1949cf8c6b5b557f/regex-automata-0.4.9) to /data/data/com.termux.nix/files/home/pick-up-nix2/vendor/rust/cargo2nix/submodules/rust-base64/vendor/regex-automata
   Vendoring regex-syntax v0.8.5 (/data/data/com.termux.nix/files/home/.cargo/registry/src/index.crates.io-1949cf8c6b5b557f/regex-syntax-0.8.5) to /data/data/com.termux.nix/files/home/pick-up-nix2/vendor/rust/cargo2nix/submodules/rust-base64/vendor/regex-syntax
   Vendoring rstest v0.13.0 (/data/data/com.termux.nix/files/home/.cargo/registry/src/index.crates.io-1949cf8c6b5b557f/rstest-0.13.0) to /data/data/com.termux.nix/files/home/pick-up-nix2/vendor/rust/cargo2nix/submodules/rust-base64/vendor/rstest
   Vendoring rstest_macros v0.13.0 (/data/data/com.termux.nix/files/home/.cargo/registry/src/index.crates.io-1949cf8c6b5b557f/rstest_macros-0.13.0) to /data/data/com.termux.nix/files/home/pick-up-nix2/vendor/rust/cargo2nix/submodules/rust-base64/vendor/rstest_macros
   Vendoring rstest_reuse v0.6.0 (/data/data/com.termux.nix/files/home/.cargo/registry/src/index.crates.io-1949cf8c6b5b557f/rstest_reuse-0.6.0) to /data/data/com.termux.nix/files/home/pick-up-nix2/vendor/rust/cargo2nix/submodules/rust-base64/vendor/rstest_reuse
   Vendoring rustc_version v0.4.1 (/data/data/com.termux.nix/files/home/.cargo/registry/src/index.crates.io-1949cf8c6b5b557f/rustc_version-0.4.1) to /data/data/com.termux.nix/files/home/pick-up-nix2/vendor/rust/cargo2nix/submodules/rust-base64/vendor/rustc_version
   Vendoring rustix v0.38.44 (/data/data/com.termux.nix/files/home/.cargo/registry/src/index.crates.io-1949cf8c6b5b557f/rustix-0.38.44) to /data/data/com.termux.nix/files/home/pick-up-nix2/vendor/rust/cargo2nix/submodules/rust-base64/vendor/rustix
   Vendoring rustversion v1.0.20 (/data/data/com.termux.nix/files/home/.cargo/registry/src/index.crates.io-1949cf8c6b5b557f/rustversion-1.0.20) to /data/data/com.termux.nix/files/home/pick-up-nix2/vendor/rust/cargo2nix/submodules/rust-base64/vendor/rustversion
   Vendoring ryu v1.0.20 (/data/data/com.termux.nix/files/home/.cargo/registry/src/index.crates.io-1949cf8c6b5b557f/ryu-1.0.20) to /data/data/com.termux.nix/files/home/pick-up-nix2/vendor/rust/cargo2nix/submodules/rust-base64/vendor/ryu
   Vendoring same-file v1.0.6 (/data/data/com.termux.nix/files/home/.cargo/registry/src/index.crates.io-1949cf8c6b5b557f/same-file-1.0.6) to /data/data/com.termux.nix/files/home/pick-up-nix2/vendor/rust/cargo2nix/submodules/rust-base64/vendor/same-file
   Vendoring semver v1.0.26 (/data/data/com.termux.nix/files/home/.cargo/registry/src/index.crates.io-1949cf8c6b5b557f/semver-1.0.26) to /data/data/com.termux.nix/files/home/pick-up-nix2/vendor/rust/cargo2nix/submodules/rust-base64/vendor/semver
   Vendoring serde v1.0.219 (/data/data/com.termux.nix/files/home/.cargo/registry/src/index.crates.io-1949cf8c6b5b557f/serde-1.0.219) to /data/data/com.termux.nix/files/home/pick-up-nix2/vendor/rust/cargo2nix/submodules/rust-base64/vendor/serde
   Vendoring serde_derive v1.0.219 (/data/data/com.termux.nix/files/home/.cargo/registry/src/index.crates.io-1949cf8c6b5b557f/serde_derive-1.0.219) to /data/data/com.termux.nix/files/home/pick-up-nix2/vendor/rust/cargo2nix/submodules/rust-base64/vendor/serde_derive
   Vendoring serde_json v1.0.140 (/data/data/com.termux.nix/files/home/.cargo/registry/src/index.crates.io-1949cf8c6b5b557f/serde_json-1.0.140) to /data/data/com.termux.nix/files/home/pick-up-nix2/vendor/rust/cargo2nix/submodules/rust-base64/vendor/serde_json
   Vendoring slab v0.4.9 (/data/data/com.termux.nix/files/home/.cargo/registry/src/index.crates.io-1949cf8c6b5b557f/slab-0.4.9) to /data/data/com.termux.nix/files/home/pick-up-nix2/vendor/rust/cargo2nix/submodules/rust-base64/vendor/slab
   Vendoring strsim v0.10.0 (/data/data/com.termux.nix/files/home/.cargo/registry/src/index.crates.io-1949cf8c6b5b557f/strsim-0.10.0) to /data/data/com.termux.nix/files/home/pick-up-nix2/vendor/rust/cargo2nix/submodules/rust-base64/vendor/strsim
   Vendoring strum v0.25.0 (/data/data/com.termux.nix/files/home/.cargo/registry/src/index.crates.io-1949cf8c6b5b557f/strum-0.25.0) to /data/data/com.termux.nix/files/home/pick-up-nix2/vendor/rust/cargo2nix/submodules/rust-base64/vendor/strum
   Vendoring strum_macros v0.25.3 (/data/data/com.termux.nix/files/home/.cargo/registry/src/index.crates.io-1949cf8c6b5b557f/strum_macros-0.25.3) to /data/data/com.termux.nix/files/home/pick-up-nix2/vendor/rust/cargo2nix/submodules/rust-base64/vendor/strum_macros
   Vendoring syn v2.0.100 (/data/data/com.termux.nix/files/home/.cargo/registry/src/index.crates.io-1949cf8c6b5b557f/syn-2.0.100) to /data/data/com.termux.nix/files/home/pick-up-nix2/vendor/rust/cargo2nix/submodules/rust-base64/vendor/syn
   Vendoring termcolor v1.4.1 (/data/data/com.termux.nix/files/home/.cargo/registry/src/index.crates.io-1949cf8c6b5b557f/termcolor-1.4.1) to /data/data/com.termux.nix/files/home/pick-up-nix2/vendor/rust/cargo2nix/submodules/rust-base64/vendor/termcolor
   Vendoring textwrap v0.16.2 (/data/data/com.termux.nix/files/home/.cargo/registry/src/index.crates.io-1949cf8c6b5b557f/textwrap-0.16.2) to /data/data/com.termux.nix/files/home/pick-up-nix2/vendor/rust/cargo2nix/submodules/rust-base64/vendor/textwrap
   Vendoring tinytemplate v1.2.1 (/data/data/com.termux.nix/files/home/.cargo/registry/src/index.crates.io-1949cf8c6b5b557f/tinytemplate-1.2.1) to /data/data/com.termux.nix/files/home/pick-up-nix2/vendor/rust/cargo2nix/submodules/rust-base64/vendor/tinytemplate
   Vendoring tracing v0.1.41 (/data/data/com.termux.nix/files/home/.cargo/registry/src/index.crates.io-1949cf8c6b5b557f/tracing-0.1.41) to /data/data/com.termux.nix/files/home/pick-up-nix2/vendor/rust/cargo2nix/submodules/rust-base64/vendor/tracing
   Vendoring tracing-core v0.1.33 (/data/data/com.termux.nix/files/home/.cargo/registry/src/index.crates.io-1949cf8c6b5b557f/tracing-core-0.1.33) to /data/data/com.termux.nix/files/home/pick-up-nix2/vendor/rust/cargo2nix/submodules/rust-base64/vendor/tracing-core
   Vendoring unicode-ident v1.0.18 (/data/data/com.termux.nix/files/home/.cargo/registry/src/index.crates.io-1949cf8c6b5b557f/unicode-ident-1.0.18) to /data/data/com.termux.nix/files/home/pick-up-nix2/vendor/rust/cargo2nix/submodules/rust-base64/vendor/unicode-ident
   Vendoring value-bag v1.11.1 (/data/data/com.termux.nix/files/home/.cargo/registry/src/index.crates.io-1949cf8c6b5b557f/value-bag-1.11.1) to /data/data/com.termux.nix/files/home/pick-up-nix2/vendor/rust/cargo2nix/submodules/rust-base64/vendor/value-bag
   Vendoring version_check v0.9.5 (/data/data/com.termux.nix/files/home/.cargo/registry/src/index.crates.io-1949cf8c6b5b557f/version_check-0.9.5) to /data/data/com.termux.nix/files/home/pick-up-nix2/vendor/rust/cargo2nix/submodules/rust-base64/vendor/version_check
   Vendoring walkdir v2.5.0 (/data/data/com.termux.nix/files/home/.cargo/registry/src/index.crates.io-1949cf8c6b5b557f/walkdir-2.5.0) to /data/data/com.termux.nix/files/home/pick-up-nix2/vendor/rust/cargo2nix/submodules/rust-base64/vendor/walkdir
   Vendoring wasi v0.11.0+wasi-snapshot-preview1 (/data/data/com.termux.nix/files/home/.cargo/registry/src/index.crates.io-1949cf8c6b5b557f/wasi-0.11.0+wasi-snapshot-preview1) to /data/data/com.termux.nix/files/home/pick-up-nix2/vendor/rust/cargo2nix/submodules/rust-base64/vendor/wasi
   Vendoring wasm-bindgen v0.2.100 (/data/data/com.termux.nix/files/home/.cargo/registry/src/index.crates.io-1949cf8c6b5b557f/wasm-bindgen-0.2.100) to /data/data/com.termux.nix/files/home/pick-up-nix2/vendor/rust/cargo2nix/submodules/rust-base64/vendor/wasm-bindgen
   Vendoring wasm-bindgen-backend v0.2.100 (/data/data/com.termux.nix/files/home/.cargo/registry/src/index.crates.io-1949cf8c6b5b557f/wasm-bindgen-backend-0.2.100) to /data/data/com.termux.nix/files/home/pick-up-nix2/vendor/rust/cargo2nix/submodules/rust-base64/vendor/wasm-bindgen-backend
   Vendoring wasm-bindgen-futures v0.4.50 (/data/data/com.termux.nix/files/home/.cargo/registry/src/index.crates.io-1949cf8c6b5b557f/wasm-bindgen-futures-0.4.50) to /data/data/com.termux.nix/files/home/pick-up-nix2/vendor/rust/cargo2nix/submodules/rust-base64/vendor/wasm-bindgen-futures
   Vendoring wasm-bindgen-macro v0.2.100 (/data/data/com.termux.nix/files/home/.cargo/registry/src/index.crates.io-1949cf8c6b5b557f/wasm-bindgen-macro-0.2.100) to /data/data/com.termux.nix/files/home/pick-up-nix2/vendor/rust/cargo2nix/submodules/rust-base64/vendor/wasm-bindgen-macro
   Vendoring wasm-bindgen-macro-support v0.2.100 (/data/data/com.termux.nix/files/home/.cargo/registry/src/index.crates.io-1949cf8c6b5b557f/wasm-bindgen-macro-support-0.2.100) to /data/data/com.termux.nix/files/home/pick-up-nix2/vendor/rust/cargo2nix/submodules/rust-base64/vendor/wasm-bindgen-macro-support
   Vendoring wasm-bindgen-shared v0.2.100 (/data/data/com.termux.nix/files/home/.cargo/registry/src/index.crates.io-1949cf8c6b5b557f/wasm-bindgen-shared-0.2.100) to /data/data/com.termux.nix/files/home/pick-up-nix2/vendor/rust/cargo2nix/submodules/rust-base64/vendor/wasm-bindgen-shared
   Vendoring web-sys v0.3.77 (/data/data/com.termux.nix/files/home/.cargo/registry/src/index.crates.io-1949cf8c6b5b557f/web-sys-0.3.77) to /data/data/com.termux.nix/files/home/pick-up-nix2/vendor/rust/cargo2nix/submodules/rust-base64/vendor/web-sys
   Vendoring winapi v0.3.9 (/data/data/com.termux.nix/files/home/.cargo/registry/src/index.crates.io-1949cf8c6b5b557f/winapi-0.3.9) to /data/data/com.termux.nix/files/home/pick-up-nix2/vendor/rust/cargo2nix/submodules/rust-base64/vendor/winapi
   Vendoring winapi-i686-pc-windows-gnu v0.4.0 (/data/data/com.termux.nix/files/home/.cargo/registry/src/index.crates.io-1949cf8c6b5b557f/winapi-i686-pc-windows-gnu-0.4.0) to /data/data/com.termux.nix/files/home/pick-up-nix2/vendor/rust/cargo2nix/submodules/rust-base64/vendor/winapi-i686-pc-windows-gnu
   Vendoring winapi-util v0.1.9 (/data/data/com.termux.nix/files/home/.cargo/registry/src/index.crates.io-1949cf8c6b5b557f/winapi-util-0.1.9) to /data/data/com.termux.nix/files/home/pick-up-nix2/vendor/rust/cargo2nix/submodules/rust-base64/vendor/winapi-util
   Vendoring winapi-x86_64-pc-windows-gnu v0.4.0 (/data/data/com.termux.nix/files/home/.cargo/registry/src/index.crates.io-1949cf8c6b5b557f/winapi-x86_64-pc-windows-gnu-0.4.0) to /data/data/com.termux.nix/files/home/pick-up-nix2/vendor/rust/cargo2nix/submodules/rust-base64/vendor/winapi-x86_64-pc-windows-gnu
   Vendoring windows-sys v0.59.0 (/data/data/com.termux.nix/files/home/.cargo/registry/src/index.crates.io-1949cf8c6b5b557f/windows-sys-0.59.0) to /data/data/com.termux.nix/files/home/pick-up-nix2/vendor/rust/cargo2nix/submodules/rust-base64/vendor/windows-sys
   Vendoring windows-targets v0.52.6 (/data/data/com.termux.nix/files/home/.cargo/registry/src/index.crates.io-1949cf8c6b5b557f/windows-targets-0.52.6) to /data/data/com.termux.nix/files/home/pick-up-nix2/vendor/rust/cargo2nix/submodules/rust-base64/vendor/windows-targets
   Vendoring windows_aarch64_gnullvm v0.52.6 (/data/data/com.termux.nix/files/home/.cargo/registry/src/index.crates.io-1949cf8c6b5b557f/windows_aarch64_gnullvm-0.52.6) to /data/data/com.termux.nix/files/home/pick-up-nix2/vendor/rust/cargo2nix/submodules/rust-base64/vendor/windows_aarch64_gnullvm
   Vendoring windows_aarch64_msvc v0.52.6 (/data/data/com.termux.nix/files/home/.cargo/registry/src/index.crates.io-1949cf8c6b5b557f/windows_aarch64_msvc-0.52.6) to /data/data/com.termux.nix/files/home/pick-up-nix2/vendor/rust/cargo2nix/submodules/rust-base64/vendor/windows_aarch64_msvc
   Vendoring windows_i686_gnu v0.52.6 (/data/data/com.termux.nix/files/home/.cargo/registry/src/index.crates.io-1949cf8c6b5b557f/windows_i686_gnu-0.52.6) to /data/data/com.termux.nix/files/home/pick-up-nix2/vendor/rust/cargo2nix/submodules/rust-base64/vendor/windows_i686_gnu
   Vendoring windows_i686_gnullvm v0.52.6 (/data/data/com.termux.nix/files/home/.cargo/registry/src/index.crates.io-1949cf8c6b5b557f/windows_i686_gnullvm-0.52.6) to /data/data/com.termux.nix/files/home/pick-up-nix2/vendor/rust/cargo2nix/submodules/rust-base64/vendor/windows_i686_gnullvm
   Vendoring windows_i686_msvc v0.52.6 (/data/data/com.termux.nix/files/home/.cargo/registry/src/index.crates.io-1949cf8c6b5b557f/windows_i686_msvc-0.52.6) to /data/data/com.termux.nix/files/home/pick-up-nix2/vendor/rust/cargo2nix/submodules/rust-base64/vendor/windows_i686_msvc
   Vendoring windows_x86_64_gnu v0.52.6 (/data/data/com.termux.nix/files/home/.cargo/registry/src/index.crates.io-1949cf8c6b5b557f/windows_x86_64_gnu-0.52.6) to /data/data/com.termux.nix/files/home/pick-up-nix2/vendor/rust/cargo2nix/submodules/rust-base64/vendor/windows_x86_64_gnu
   Vendoring windows_x86_64_gnullvm v0.52.6 (/data/data/com.termux.nix/files/home/.cargo/registry/src/index.crates.io-1949cf8c6b5b557f/windows_x86_64_gnullvm-0.52.6) to /data/data/com.termux.nix/files/home/pick-up-nix2/vendor/rust/cargo2nix/submodules/rust-base64/vendor/windows_x86_64_gnullvm
   Vendoring windows_x86_64_msvc v0.52.6 (/data/data/com.termux.nix/files/home/.cargo/registry/src/index.crates.io-1949cf8c6b5b557f/windows_x86_64_msvc-0.52.6) to /data/data/com.termux.nix/files/home/pick-up-nix2/vendor/rust/cargo2nix/submodules/rust-base64/vendor/windows_x86_64_msvc
   Vendoring zerocopy v0.8.24 (/data/data/com.termux.nix/files/home/.cargo/registry/src/index.crates.io-1949cf8c6b5b557f/zerocopy-0.8.24) to /data/data/com.termux.nix/files/home/pick-up-nix2/vendor/rust/cargo2nix/submodules/rust-base64/vendor/zerocopy
   Vendoring zerocopy-derive v0.8.24 (/data/data/com.termux.nix/files/home/.cargo/registry/src/index.crates.io-1949cf8c6b5b557f/zerocopy-derive-0.8.24) to /data/data/com.termux.nix/files/home/pick-up-nix2/vendor/rust/cargo2nix/submodules/rust-base64/vendor/zerocopy-derive
To use vendored sources, add this to your .cargo/config.toml for this project:

[source.crates-io]
replace-with = "vendored-sources"

[source.vendored-sources]
directory = "vendor"
'cargo vendor' succeeded.
Running 'cargo2nix -o Cargo.nix' in "/data/data/com.termux.nix/files/home/pick-up-nix2/vendor/rust/cargo2nix/submodules/rust-base64"...
'cargo2nix' succeeded.
Submodule tasks completed successfully!
